<?xml version="1.0" encoding="UTF-8"?>
<!-- Generated by org.testng.reporters.JUnitReportReporter -->
<testsuite hostname="PF1AQ5L3" failures="0" tests="5" name="OrangeHRM_Login.OrangeHRM_Login_senario" time="15.827" errors="0" timestamp="2022-03-16T10:41:42 IST" skipped="0">
  <testcase classname="OrangeHRM_Login.OrangeHRM_Login_senario" name="LoginAllCases" time="0.909"/>
  <system-out/>
  <testcase classname="OrangeHRM_Login.OrangeHRM_Login_senario" name="LoginAllCases" time="2.255"/>
  <system-out/>
  <testcase classname="OrangeHRM_Login.OrangeHRM_Login_senario" name="LoginAllCases" time="10.162"/>
  <system-out/>
  <testcase classname="OrangeHRM_Login.OrangeHRM_Login_senario" name="LoginAllCases" time="0.565"/>
  <system-out/>
  <testcase classname="OrangeHRM_Login.OrangeHRM_Login_senario" name="LoginAllCases" time="1.936"/>
  <system-out/>
</testsuite> <!-- OrangeHRM_Login.OrangeHRM_Login_senario -->
