<?xml version="1.0" encoding="UTF-8"?>
<!-- Generated by org.testng.reporters.JUnitReportReporter -->
<testsuite hostname="PF1AQ5L3" failures="0" tests="1" name="OrangeHRM_Login.Read_data_from_JSON_file" time="17.727" errors="0" timestamp="2022-03-22T09:57:22 IST" skipped="0">
  <testcase classname="OrangeHRM_Login.Read_data_from_JSON_file" name="Flight_Login" time="17.727"/>
  <system-out/>
</testsuite> <!-- OrangeHRM_Login.Read_data_from_JSON_file -->
