<?xml version="1.0" encoding="UTF-8"?>
<!-- Generated by org.testng.reporters.JUnitReportReporter -->
<testsuite hostname="PF1AQ5L3" failures="0" tests="4" name="com.springernature.Weborder_E2E_Scenario" time="18.152" errors="0" timestamp="2022-03-24T09:24:08 IST" skipped="0">
  <testcase classname="com.springernature.Weborder_E2E_Scenario" name="Login_WebOrder" time="1.363"/>
  <system-out/>
  <testcase classname="com.springernature.Weborder_E2E_Scenario" name="CreateOrder_UpdateOrder_DeleteOrder" time="4.685"/>
  <system-out/>
  <testcase classname="com.springernature.Weborder_E2E_Scenario" name="Update_Order" time="6.565"/>
  <system-out/>
  <testcase classname="com.springernature.Weborder_E2E_Scenario" name="Delet_order" time="5.539"/>
  <system-out/>
</testsuite> <!-- com.springernature.Weborder_E2E_Scenario -->
