<?xml version="1.0" encoding="UTF-8"?>
<!-- Generated by org.testng.reporters.JUnitReportReporter -->
<testsuite hostname="PF1AQ5L3" failures="0" tests="4" name="OrangeHRM_Login.OrangeHRM_Login_Parameters_DataProvider" time="31.124" errors="0" timestamp="2022-03-16T10:23:59 IST" skipped="0">
  <testcase classname="OrangeHRM_Login.OrangeHRM_Login_Parameters_DataProvider" name="login_valid" time="7.916"/>
  <system-out/>
  <testcase classname="OrangeHRM_Login.OrangeHRM_Login_Parameters_DataProvider" name="login_valid" time="9.502"/>
  <system-out/>
  <testcase classname="OrangeHRM_Login.OrangeHRM_Login_Parameters_DataProvider" name="login_valid" time="6.936"/>
  <system-out/>
  <testcase classname="OrangeHRM_Login.OrangeHRM_Login_Parameters_DataProvider" name="login_valid" time="6.770"/>
  <system-out/>
</testsuite> <!-- OrangeHRM_Login.OrangeHRM_Login_Parameters_DataProvider -->
